<?xml version="1.0" encoding="UTF-8"?>
<testsuite name="org.example.game.client.GameClientTest" tests="1" skipped="0" failures="0" errors="0" timestamp="2022-07-12T12:49:03" hostname="parvin-lenovo" time="12.334">
  <properties/>
  <testcase name="clientGame()" classname="org.example.game.client.GameClientTest" time="12.334"/>
  <system-out><![CDATA[16:49:03.019 [Test worker] DEBUG io.grpc.netty.shaded.io.netty.util.internal.logging.InternalLoggerFactory - Using SLF4J as the default logging framework
16:49:03.023 [Test worker] DEBUG io.grpc.netty.shaded.io.netty.util.internal.PlatformDependent0 - -Dio.netty.noUnsafe: false
16:49:03.024 [Test worker] DEBUG io.grpc.netty.shaded.io.netty.util.internal.PlatformDependent0 - Java version: 11
16:49:03.025 [Test worker] DEBUG io.grpc.netty.shaded.io.netty.util.internal.PlatformDependent0 - sun.misc.Unsafe.theUnsafe: available
16:49:03.025 [Test worker] DEBUG io.grpc.netty.shaded.io.netty.util.internal.PlatformDependent0 - sun.misc.Unsafe.copyMemory: available
16:49:03.026 [Test worker] DEBUG io.grpc.netty.shaded.io.netty.util.internal.PlatformDependent0 - java.nio.Buffer.address: available
16:49:03.028 [Test worker] DEBUG io.grpc.netty.shaded.io.netty.util.internal.PlatformDependent0 - direct buffer constructor: unavailable
java.lang.UnsupportedOperationException: Reflective setAccessible(true) disabled
	at io.grpc.netty.shaded.io.netty.util.internal.ReflectionUtil.trySetAccessible(ReflectionUtil.java:31)
	at io.grpc.netty.shaded.io.netty.util.internal.PlatformDependent0$4.run(PlatformDependent0.java:238)
	at java.base/java.security.AccessController.doPrivileged(Native Method)
	at io.grpc.netty.shaded.io.netty.util.internal.PlatformDependent0.<clinit>(PlatformDependent0.java:232)
	at io.grpc.netty.shaded.io.netty.util.internal.PlatformDependent.isAndroid(PlatformDependent.java:289)
	at io.grpc.netty.shaded.io.netty.util.internal.PlatformDependent.<clinit>(PlatformDependent.java:92)
	at io.grpc.netty.shaded.io.netty.util.AsciiString.<init>(AsciiString.java:223)
	at io.grpc.netty.shaded.io.netty.util.AsciiString.<init>(AsciiString.java:210)
	at io.grpc.netty.shaded.io.netty.util.AsciiString.cached(AsciiString.java:1401)
	at io.grpc.netty.shaded.io.netty.util.AsciiString.<clinit>(AsciiString.java:48)
	at io.grpc.netty.shaded.io.grpc.netty.Utils.<clinit>(Utils.java:74)
	at io.grpc.netty.shaded.io.grpc.netty.NettyChannelBuilder.<clinit>(NettyChannelBuilder.java:82)
	at io.grpc.netty.shaded.io.grpc.netty.NettyChannelProvider.builderForAddress(NettyChannelProvider.java:38)
	at io.grpc.netty.shaded.io.grpc.netty.NettyChannelProvider.builderForAddress(NettyChannelProvider.java:24)
	at io.grpc.ManagedChannelBuilder.forAddress(ManagedChannelBuilder.java:39)
	at org.example.game.client.GameClientTest.setup(GameClientTest.java:21)
	at java.base/jdk.internal.reflect.NativeMethodAccessorImpl.invoke0(Native Method)
	at java.base/jdk.internal.reflect.NativeMethodAccessorImpl.invoke(NativeMethodAccessorImpl.java:62)
	at java.base/jdk.internal.reflect.DelegatingMethodAccessorImpl.invoke(DelegatingMethodAccessorImpl.java:43)
	at java.base/java.lang.reflect.Method.invoke(Method.java:566)
	at org.junit.platform.commons.util.ReflectionUtils.invokeMethod(ReflectionUtils.java:725)
	at org.junit.jupiter.engine.execution.MethodInvocation.proceed(MethodInvocation.java:60)
	at org.junit.jupiter.engine.execution.InvocationInterceptorChain$ValidatingInvocation.proceed(InvocationInterceptorChain.java:131)
	at org.junit.jupiter.engine.extension.TimeoutExtension.intercept(TimeoutExtension.java:149)
	at org.junit.jupiter.engine.extension.TimeoutExtension.interceptLifecycleMethod(TimeoutExtension.java:126)
	at org.junit.jupiter.engine.extension.TimeoutExtension.interceptBeforeAllMethod(TimeoutExtension.java:68)
	at org.junit.jupiter.engine.execution.ExecutableInvoker$ReflectiveInterceptorCall.lambda$ofVoidMethod$0(ExecutableInvoker.java:115)
	at org.junit.jupiter.engine.execution.ExecutableInvoker.lambda$invoke$0(ExecutableInvoker.java:105)
	at org.junit.jupiter.engine.execution.InvocationInterceptorChain$InterceptedInvocation.proceed(InvocationInterceptorChain.java:106)
	at org.junit.jupiter.engine.execution.InvocationInterceptorChain.proceed(InvocationInterceptorChain.java:64)
	at org.junit.jupiter.engine.execution.InvocationInterceptorChain.chainAndInvoke(InvocationInterceptorChain.java:45)
	at org.junit.jupiter.engine.execution.InvocationInterceptorChain.invoke(InvocationInterceptorChain.java:37)
	at org.junit.jupiter.engine.execution.ExecutableInvoker.invoke(ExecutableInvoker.java:104)
	at org.junit.jupiter.engine.execution.ExecutableInvoker.invoke(ExecutableInvoker.java:98)
	at org.junit.jupiter.engine.descriptor.ClassBasedTestDescriptor.lambda$invokeBeforeAllMethods$11(ClassBasedTestDescriptor.java:397)
	at org.junit.platform.engine.support.hierarchical.ThrowableCollector.execute(ThrowableCollector.java:73)
	at org.junit.jupiter.engine.descriptor.ClassBasedTestDescriptor.invokeBeforeAllMethods(ClassBasedTestDescriptor.java:395)
	at org.junit.jupiter.engine.descriptor.ClassBasedTestDescriptor.before(ClassBasedTestDescriptor.java:209)
	at org.junit.jupiter.engine.descriptor.ClassBasedTestDescriptor.before(ClassBasedTestDescriptor.java:80)
	at org.junit.platform.engine.support.hierarchical.NodeTestTask.lambda$executeRecursively$6(NodeTestTask.java:148)
	at org.junit.platform.engine.support.hierarchical.ThrowableCollector.execute(ThrowableCollector.java:73)
	at org.junit.platform.engine.support.hierarchical.NodeTestTask.lambda$executeRecursively$8(NodeTestTask.java:141)
	at org.junit.platform.engine.support.hierarchical.Node.around(Node.java:137)
	at org.junit.platform.engine.support.hierarchical.NodeTestTask.lambda$executeRecursively$9(NodeTestTask.java:139)
	at org.junit.platform.engine.support.hierarchical.ThrowableCollector.execute(ThrowableCollector.java:73)
	at org.junit.platform.engine.support.hierarchical.NodeTestTask.executeRecursively(NodeTestTask.java:138)
	at org.junit.platform.engine.support.hierarchical.NodeTestTask.execute(NodeTestTask.java:95)
	at java.base/java.util.ArrayList.forEach(ArrayList.java:1541)
	at org.junit.platform.engine.support.hierarchical.SameThreadHierarchicalTestExecutorService.invokeAll(SameThreadHierarchicalTestExecutorService.java:41)
	at org.junit.platform.engine.support.hierarchical.NodeTestTask.lambda$executeRecursively$6(NodeTestTask.java:155)
	at org.junit.platform.engine.support.hierarchical.ThrowableCollector.execute(ThrowableCollector.java:73)
	at org.junit.platform.engine.support.hierarchical.NodeTestTask.lambda$executeRecursively$8(NodeTestTask.java:141)
	at org.junit.platform.engine.support.hierarchical.Node.around(Node.java:137)
	at org.junit.platform.engine.support.hierarchical.NodeTestTask.lambda$executeRecursively$9(NodeTestTask.java:139)
	at org.junit.platform.engine.support.hierarchical.ThrowableCollector.execute(ThrowableCollector.java:73)
	at org.junit.platform.engine.support.hierarchical.NodeTestTask.executeRecursively(NodeTestTask.java:138)
	at org.junit.platform.engine.support.hierarchical.NodeTestTask.execute(NodeTestTask.java:95)
	at org.junit.platform.engine.support.hierarchical.SameThreadHierarchicalTestExecutorService.submit(SameThreadHierarchicalTestExecutorService.java:35)
	at org.junit.platform.engine.support.hierarchical.HierarchicalTestExecutor.execute(HierarchicalTestExecutor.java:57)
	at org.junit.platform.engine.support.hierarchical.HierarchicalTestEngine.execute(HierarchicalTestEngine.java:54)
	at org.junit.platform.launcher.core.EngineExecutionOrchestrator.execute(EngineExecutionOrchestrator.java:108)
	at org.junit.platform.launcher.core.EngineExecutionOrchestrator.execute(EngineExecutionOrchestrator.java:88)
	at org.junit.platform.launcher.core.EngineExecutionOrchestrator.lambda$execute$0(EngineExecutionOrchestrator.java:54)
	at org.junit.platform.launcher.core.EngineExecutionOrchestrator.withInterceptedStreams(EngineExecutionOrchestrator.java:67)
	at org.junit.platform.launcher.core.EngineExecutionOrchestrator.execute(EngineExecutionOrchestrator.java:52)
	at org.junit.platform.launcher.core.DefaultLauncher.execute(DefaultLauncher.java:96)
	at org.junit.platform.launcher.core.DefaultLauncher.execute(DefaultLauncher.java:75)
	at org.gradle.api.internal.tasks.testing.junitplatform.JUnitPlatformTestClassProcessor$CollectAllTestClassesExecutor.processAllTestClasses(JUnitPlatformTestClassProcessor.java:99)
	at org.gradle.api.internal.tasks.testing.junitplatform.JUnitPlatformTestClassProcessor$CollectAllTestClassesExecutor.access$000(JUnitPlatformTestClassProcessor.java:79)
	at org.gradle.api.internal.tasks.testing.junitplatform.JUnitPlatformTestClassProcessor.stop(JUnitPlatformTestClassProcessor.java:75)
	at org.gradle.api.internal.tasks.testing.SuiteTestClassProcessor.stop(SuiteTestClassProcessor.java:61)
	at java.base/jdk.internal.reflect.NativeMethodAccessorImpl.invoke0(Native Method)
	at java.base/jdk.internal.reflect.NativeMethodAccessorImpl.invoke(NativeMethodAccessorImpl.java:62)
	at java.base/jdk.internal.reflect.DelegatingMethodAccessorImpl.invoke(DelegatingMethodAccessorImpl.java:43)
	at java.base/java.lang.reflect.Method.invoke(Method.java:566)
	at org.gradle.internal.dispatch.ReflectionDispatch.dispatch(ReflectionDispatch.java:36)
	at org.gradle.internal.dispatch.ReflectionDispatch.dispatch(ReflectionDispatch.java:24)
	at org.gradle.internal.dispatch.ContextClassLoaderDispatch.dispatch(ContextClassLoaderDispatch.java:33)
	at org.gradle.internal.dispatch.ProxyDispatchAdapter$DispatchingInvocationHandler.invoke(ProxyDispatchAdapter.java:94)
	at com.sun.proxy.$Proxy2.stop(Unknown Source)
	at org.gradle.api.internal.tasks.testing.worker.TestWorker$3.run(TestWorker.java:193)
	at org.gradle.api.internal.tasks.testing.worker.TestWorker.executeAndMaintainThreadName(TestWorker.java:129)
	at org.gradle.api.internal.tasks.testing.worker.TestWorker.execute(TestWorker.java:100)
	at org.gradle.api.internal.tasks.testing.worker.TestWorker.execute(TestWorker.java:60)
	at org.gradle.process.internal.worker.child.ActionExecutionWorker.execute(ActionExecutionWorker.java:56)
	at org.gradle.process.internal.worker.child.SystemApplicationClassLoaderWorker.call(SystemApplicationClassLoaderWorker.java:133)
	at org.gradle.process.internal.worker.child.SystemApplicationClassLoaderWorker.call(SystemApplicationClassLoaderWorker.java:71)
	at worker.org.gradle.process.internal.worker.GradleWorkerMain.run(GradleWorkerMain.java:69)
	at worker.org.gradle.process.internal.worker.GradleWorkerMain.main(GradleWorkerMain.java:74)
16:49:03.032 [Test worker] DEBUG io.grpc.netty.shaded.io.netty.util.internal.PlatformDependent0 - java.nio.Bits.unaligned: available, true
16:49:03.033 [Test worker] DEBUG io.grpc.netty.shaded.io.netty.util.internal.PlatformDependent0 - jdk.internal.misc.Unsafe.allocateUninitializedArray(int): unavailable
java.lang.IllegalAccessException: class io.grpc.netty.shaded.io.netty.util.internal.PlatformDependent0$6 cannot access class jdk.internal.misc.Unsafe (in module java.base) because module java.base does not export jdk.internal.misc to unnamed module @14a50707
	at java.base/jdk.internal.reflect.Reflection.newIllegalAccessException(Reflection.java:361)
	at java.base/java.lang.reflect.AccessibleObject.checkAccess(AccessibleObject.java:591)
	at java.base/java.lang.reflect.Method.invoke(Method.java:558)
	at io.grpc.netty.shaded.io.netty.util.internal.PlatformDependent0$6.run(PlatformDependent0.java:352)
	at java.base/java.security.AccessController.doPrivileged(Native Method)
	at io.grpc.netty.shaded.io.netty.util.internal.PlatformDependent0.<clinit>(PlatformDependent0.java:343)
	at io.grpc.netty.shaded.io.netty.util.internal.PlatformDependent.isAndroid(PlatformDependent.java:289)
	at io.grpc.netty.shaded.io.netty.util.internal.PlatformDependent.<clinit>(PlatformDependent.java:92)
	at io.grpc.netty.shaded.io.netty.util.AsciiString.<init>(AsciiString.java:223)
	at io.grpc.netty.shaded.io.netty.util.AsciiString.<init>(AsciiString.java:210)
	at io.grpc.netty.shaded.io.netty.util.AsciiString.cached(AsciiString.java:1401)
	at io.grpc.netty.shaded.io.netty.util.AsciiString.<clinit>(AsciiString.java:48)
	at io.grpc.netty.shaded.io.grpc.netty.Utils.<clinit>(Utils.java:74)
	at io.grpc.netty.shaded.io.grpc.netty.NettyChannelBuilder.<clinit>(NettyChannelBuilder.java:82)
	at io.grpc.netty.shaded.io.grpc.netty.NettyChannelProvider.builderForAddress(NettyChannelProvider.java:38)
	at io.grpc.netty.shaded.io.grpc.netty.NettyChannelProvider.builderForAddress(NettyChannelProvider.java:24)
	at io.grpc.ManagedChannelBuilder.forAddress(ManagedChannelBuilder.java:39)
	at org.example.game.client.GameClientTest.setup(GameClientTest.java:21)
	at java.base/jdk.internal.reflect.NativeMethodAccessorImpl.invoke0(Native Method)
	at java.base/jdk.internal.reflect.NativeMethodAccessorImpl.invoke(NativeMethodAccessorImpl.java:62)
	at java.base/jdk.internal.reflect.DelegatingMethodAccessorImpl.invoke(DelegatingMethodAccessorImpl.java:43)
	at java.base/java.lang.reflect.Method.invoke(Method.java:566)
	at org.junit.platform.commons.util.ReflectionUtils.invokeMethod(ReflectionUtils.java:725)
	at org.junit.jupiter.engine.execution.MethodInvocation.proceed(MethodInvocation.java:60)
	at org.junit.jupiter.engine.execution.InvocationInterceptorChain$ValidatingInvocation.proceed(InvocationInterceptorChain.java:131)
	at org.junit.jupiter.engine.extension.TimeoutExtension.intercept(TimeoutExtension.java:149)
	at org.junit.jupiter.engine.extension.TimeoutExtension.interceptLifecycleMethod(TimeoutExtension.java:126)
	at org.junit.jupiter.engine.extension.TimeoutExtension.interceptBeforeAllMethod(TimeoutExtension.java:68)
	at org.junit.jupiter.engine.execution.ExecutableInvoker$ReflectiveInterceptorCall.lambda$ofVoidMethod$0(ExecutableInvoker.java:115)
	at org.junit.jupiter.engine.execution.ExecutableInvoker.lambda$invoke$0(ExecutableInvoker.java:105)
	at org.junit.jupiter.engine.execution.InvocationInterceptorChain$InterceptedInvocation.proceed(InvocationInterceptorChain.java:106)
	at org.junit.jupiter.engine.execution.InvocationInterceptorChain.proceed(InvocationInterceptorChain.java:64)
	at org.junit.jupiter.engine.execution.InvocationInterceptorChain.chainAndInvoke(InvocationInterceptorChain.java:45)
	at org.junit.jupiter.engine.execution.InvocationInterceptorChain.invoke(InvocationInterceptorChain.java:37)
	at org.junit.jupiter.engine.execution.ExecutableInvoker.invoke(ExecutableInvoker.java:104)
	at org.junit.jupiter.engine.execution.ExecutableInvoker.invoke(ExecutableInvoker.java:98)
	at org.junit.jupiter.engine.descriptor.ClassBasedTestDescriptor.lambda$invokeBeforeAllMethods$11(ClassBasedTestDescriptor.java:397)
	at org.junit.platform.engine.support.hierarchical.ThrowableCollector.execute(ThrowableCollector.java:73)
	at org.junit.jupiter.engine.descriptor.ClassBasedTestDescriptor.invokeBeforeAllMethods(ClassBasedTestDescriptor.java:395)
	at org.junit.jupiter.engine.descriptor.ClassBasedTestDescriptor.before(ClassBasedTestDescriptor.java:209)
	at org.junit.jupiter.engine.descriptor.ClassBasedTestDescriptor.before(ClassBasedTestDescriptor.java:80)
	at org.junit.platform.engine.support.hierarchical.NodeTestTask.lambda$executeRecursively$6(NodeTestTask.java:148)
	at org.junit.platform.engine.support.hierarchical.ThrowableCollector.execute(ThrowableCollector.java:73)
	at org.junit.platform.engine.support.hierarchical.NodeTestTask.lambda$executeRecursively$8(NodeTestTask.java:141)
	at org.junit.platform.engine.support.hierarchical.Node.around(Node.java:137)
	at org.junit.platform.engine.support.hierarchical.NodeTestTask.lambda$executeRecursively$9(NodeTestTask.java:139)
	at org.junit.platform.engine.support.hierarchical.ThrowableCollector.execute(ThrowableCollector.java:73)
	at org.junit.platform.engine.support.hierarchical.NodeTestTask.executeRecursively(NodeTestTask.java:138)
	at org.junit.platform.engine.support.hierarchical.NodeTestTask.execute(NodeTestTask.java:95)
	at java.base/java.util.ArrayList.forEach(ArrayList.java:1541)
	at org.junit.platform.engine.support.hierarchical.SameThreadHierarchicalTestExecutorService.invokeAll(SameThreadHierarchicalTestExecutorService.java:41)
	at org.junit.platform.engine.support.hierarchical.NodeTestTask.lambda$executeRecursively$6(NodeTestTask.java:155)
	at org.junit.platform.engine.support.hierarchical.ThrowableCollector.execute(ThrowableCollector.java:73)
	at org.junit.platform.engine.support.hierarchical.NodeTestTask.lambda$executeRecursively$8(NodeTestTask.java:141)
	at org.junit.platform.engine.support.hierarchical.Node.around(Node.java:137)
	at org.junit.platform.engine.support.hierarchical.NodeTestTask.lambda$executeRecursively$9(NodeTestTask.java:139)
	at org.junit.platform.engine.support.hierarchical.ThrowableCollector.execute(ThrowableCollector.java:73)
	at org.junit.platform.engine.support.hierarchical.NodeTestTask.executeRecursively(NodeTestTask.java:138)
	at org.junit.platform.engine.support.hierarchical.NodeTestTask.execute(NodeTestTask.java:95)
	at org.junit.platform.engine.support.hierarchical.SameThreadHierarchicalTestExecutorService.submit(SameThreadHierarchicalTestExecutorService.java:35)
	at org.junit.platform.engine.support.hierarchical.HierarchicalTestExecutor.execute(HierarchicalTestExecutor.java:57)
	at org.junit.platform.engine.support.hierarchical.HierarchicalTestEngine.execute(HierarchicalTestEngine.java:54)
	at org.junit.platform.launcher.core.EngineExecutionOrchestrator.execute(EngineExecutionOrchestrator.java:108)
	at org.junit.platform.launcher.core.EngineExecutionOrchestrator.execute(EngineExecutionOrchestrator.java:88)
	at org.junit.platform.launcher.core.EngineExecutionOrchestrator.lambda$execute$0(EngineExecutionOrchestrator.java:54)
	at org.junit.platform.launcher.core.EngineExecutionOrchestrator.withInterceptedStreams(EngineExecutionOrchestrator.java:67)
	at org.junit.platform.launcher.core.EngineExecutionOrchestrator.execute(EngineExecutionOrchestrator.java:52)
	at org.junit.platform.launcher.core.DefaultLauncher.execute(DefaultLauncher.java:96)
	at org.junit.platform.launcher.core.DefaultLauncher.execute(DefaultLauncher.java:75)
	at org.gradle.api.internal.tasks.testing.junitplatform.JUnitPlatformTestClassProcessor$CollectAllTestClassesExecutor.processAllTestClasses(JUnitPlatformTestClassProcessor.java:99)
	at org.gradle.api.internal.tasks.testing.junitplatform.JUnitPlatformTestClassProcessor$CollectAllTestClassesExecutor.access$000(JUnitPlatformTestClassProcessor.java:79)
	at org.gradle.api.internal.tasks.testing.junitplatform.JUnitPlatformTestClassProcessor.stop(JUnitPlatformTestClassProcessor.java:75)
	at org.gradle.api.internal.tasks.testing.SuiteTestClassProcessor.stop(SuiteTestClassProcessor.java:61)
	at java.base/jdk.internal.reflect.NativeMethodAccessorImpl.invoke0(Native Method)
	at java.base/jdk.internal.reflect.NativeMethodAccessorImpl.invoke(NativeMethodAccessorImpl.java:62)
	at java.base/jdk.internal.reflect.DelegatingMethodAccessorImpl.invoke(DelegatingMethodAccessorImpl.java:43)
	at java.base/java.lang.reflect.Method.invoke(Method.java:566)
	at org.gradle.internal.dispatch.ReflectionDispatch.dispatch(ReflectionDispatch.java:36)
	at org.gradle.internal.dispatch.ReflectionDispatch.dispatch(ReflectionDispatch.java:24)
	at org.gradle.internal.dispatch.ContextClassLoaderDispatch.dispatch(ContextClassLoaderDispatch.java:33)
	at org.gradle.internal.dispatch.ProxyDispatchAdapter$DispatchingInvocationHandler.invoke(ProxyDispatchAdapter.java:94)
	at com.sun.proxy.$Proxy2.stop(Unknown Source)
	at org.gradle.api.internal.tasks.testing.worker.TestWorker$3.run(TestWorker.java:193)
	at org.gradle.api.internal.tasks.testing.worker.TestWorker.executeAndMaintainThreadName(TestWorker.java:129)
	at org.gradle.api.internal.tasks.testing.worker.TestWorker.execute(TestWorker.java:100)
	at org.gradle.api.internal.tasks.testing.worker.TestWorker.execute(TestWorker.java:60)
	at org.gradle.process.internal.worker.child.ActionExecutionWorker.execute(ActionExecutionWorker.java:56)
	at org.gradle.process.internal.worker.child.SystemApplicationClassLoaderWorker.call(SystemApplicationClassLoaderWorker.java:133)
	at org.gradle.process.internal.worker.child.SystemApplicationClassLoaderWorker.call(SystemApplicationClassLoaderWorker.java:71)
	at worker.org.gradle.process.internal.worker.GradleWorkerMain.run(GradleWorkerMain.java:69)
	at worker.org.gradle.process.internal.worker.GradleWorkerMain.main(GradleWorkerMain.java:74)
16:49:03.036 [Test worker] DEBUG io.grpc.netty.shaded.io.netty.util.internal.PlatformDependent0 - java.nio.DirectByteBuffer.<init>(long, int): unavailable
16:49:03.036 [Test worker] DEBUG io.grpc.netty.shaded.io.netty.util.internal.PlatformDependent - sun.misc.Unsafe: available
16:49:03.046 [Test worker] DEBUG io.grpc.netty.shaded.io.netty.util.internal.PlatformDependent - maxDirectMemory: 536870912 bytes (maybe)
16:49:03.046 [Test worker] DEBUG io.grpc.netty.shaded.io.netty.util.internal.PlatformDependent - -Dio.netty.tmpdir: /tmp (java.io.tmpdir)
16:49:03.046 [Test worker] DEBUG io.grpc.netty.shaded.io.netty.util.internal.PlatformDependent - -Dio.netty.bitMode: 64 (sun.arch.data.model)
16:49:03.047 [Test worker] DEBUG io.grpc.netty.shaded.io.netty.util.internal.PlatformDependent - -Dio.netty.maxDirectMemory: -1 bytes
16:49:03.047 [Test worker] DEBUG io.grpc.netty.shaded.io.netty.util.internal.PlatformDependent - -Dio.netty.uninitializedArrayAllocationThreshold: -1
16:49:03.048 [Test worker] DEBUG io.grpc.netty.shaded.io.netty.util.internal.CleanerJava9 - java.nio.ByteBuffer.cleaner(): available
16:49:03.049 [Test worker] DEBUG io.grpc.netty.shaded.io.netty.util.internal.PlatformDependent - -Dio.netty.noPreferDirect: false
16:49:03.071 [Test worker] DEBUG io.grpc.netty.shaded.io.netty.util.internal.NativeLibraryLoader - -Dio.netty.native.workdir: /tmp (io.netty.tmpdir)
16:49:03.071 [Test worker] DEBUG io.grpc.netty.shaded.io.netty.util.internal.NativeLibraryLoader - -Dio.netty.native.deleteLibAfterLoading: true
16:49:03.071 [Test worker] DEBUG io.grpc.netty.shaded.io.netty.util.internal.NativeLibraryLoader - -Dio.netty.native.tryPatchShadedId: true
16:49:03.072 [Test worker] DEBUG io.grpc.netty.shaded.io.netty.util.internal.NativeLibraryLoader - Unable to load the library 'io_grpc_netty_shaded_netty_transport_native_epoll_x86_64', trying other loading mechanism.
java.lang.UnsatisfiedLinkError: no io_grpc_netty_shaded_netty_transport_native_epoll_x86_64 in java.library.path: [/usr/java/packages/lib, /usr/lib/x86_64-linux-gnu/jni, /lib/x86_64-linux-gnu, /usr/lib/x86_64-linux-gnu, /usr/lib/jni, /lib, /usr/lib]
	at java.base/java.lang.ClassLoader.loadLibrary(ClassLoader.java:2673)
	at java.base/java.lang.Runtime.loadLibrary0(Runtime.java:830)
	at java.base/java.lang.System.loadLibrary(System.java:1873)
	at io.grpc.netty.shaded.io.netty.util.internal.NativeLibraryUtil.loadLibrary(NativeLibraryUtil.java:38)
	at java.base/jdk.internal.reflect.NativeMethodAccessorImpl.invoke0(Native Method)
	at java.base/jdk.internal.reflect.NativeMethodAccessorImpl.invoke(NativeMethodAccessorImpl.java:62)
	at java.base/jdk.internal.reflect.DelegatingMethodAccessorImpl.invoke(DelegatingMethodAccessorImpl.java:43)
	at java.base/java.lang.reflect.Method.invoke(Method.java:566)
	at io.grpc.netty.shaded.io.netty.util.internal.NativeLibraryLoader$1.run(NativeLibraryLoader.java:371)
	at java.base/java.security.AccessController.doPrivileged(Native Method)
	at io.grpc.netty.shaded.io.netty.util.internal.NativeLibraryLoader.loadLibraryByHelper(NativeLibraryLoader.java:363)
	at io.grpc.netty.shaded.io.netty.util.internal.NativeLibraryLoader.loadLibrary(NativeLibraryLoader.java:341)
	at io.grpc.netty.shaded.io.netty.util.internal.NativeLibraryLoader.load(NativeLibraryLoader.java:136)
	at io.grpc.netty.shaded.io.netty.channel.epoll.Native.loadNativeLibrary(Native.java:250)
	at io.grpc.netty.shaded.io.netty.channel.epoll.Native.<clinit>(Native.java:69)
	at io.grpc.netty.shaded.io.netty.channel.epoll.Epoll.<clinit>(Epoll.java:39)
	at java.base/java.lang.Class.forName0(Native Method)
	at java.base/java.lang.Class.forName(Class.java:315)
	at io.grpc.netty.shaded.io.grpc.netty.Utils.isEpollAvailable(Utils.java:291)
	at io.grpc.netty.shaded.io.grpc.netty.Utils.<clinit>(Utils.java:109)
	at io.grpc.netty.shaded.io.grpc.netty.NettyChannelBuilder.<clinit>(NettyChannelBuilder.java:82)
	at io.grpc.netty.shaded.io.grpc.netty.NettyChannelProvider.builderForAddress(NettyChannelProvider.java:38)
	at io.grpc.netty.shaded.io.grpc.netty.NettyChannelProvider.builderForAddress(NettyChannelProvider.java:24)
	at io.grpc.ManagedChannelBuilder.forAddress(ManagedChannelBuilder.java:39)
	at org.example.game.client.GameClientTest.setup(GameClientTest.java:21)
	at java.base/jdk.internal.reflect.NativeMethodAccessorImpl.invoke0(Native Method)
	at java.base/jdk.internal.reflect.NativeMethodAccessorImpl.invoke(NativeMethodAccessorImpl.java:62)
	at java.base/jdk.internal.reflect.DelegatingMethodAccessorImpl.invoke(DelegatingMethodAccessorImpl.java:43)
	at java.base/java.lang.reflect.Method.invoke(Method.java:566)
	at org.junit.platform.commons.util.ReflectionUtils.invokeMethod(ReflectionUtils.java:725)
	at org.junit.jupiter.engine.execution.MethodInvocation.proceed(MethodInvocation.java:60)
	at org.junit.jupiter.engine.execution.InvocationInterceptorChain$ValidatingInvocation.proceed(InvocationInterceptorChain.java:131)
	at org.junit.jupiter.engine.extension.TimeoutExtension.intercept(TimeoutExtension.java:149)
	at org.junit.jupiter.engine.extension.TimeoutExtension.interceptLifecycleMethod(TimeoutExtension.java:126)
	at org.junit.jupiter.engine.extension.TimeoutExtension.interceptBeforeAllMethod(TimeoutExtension.java:68)
	at org.junit.jupiter.engine.execution.ExecutableInvoker$ReflectiveInterceptorCall.lambda$ofVoidMethod$0(ExecutableInvoker.java:115)
	at org.junit.jupiter.engine.execution.ExecutableInvoker.lambda$invoke$0(ExecutableInvoker.java:105)
	at org.junit.jupiter.engine.execution.InvocationInterceptorChain$InterceptedInvocation.proceed(InvocationInterceptorChain.java:106)
	at org.junit.jupiter.engine.execution.InvocationInterceptorChain.proceed(InvocationInterceptorChain.java:64)
	at org.junit.jupiter.engine.execution.InvocationInterceptorChain.chainAndInvoke(InvocationInterceptorChain.java:45)
	at org.junit.jupiter.engine.execution.InvocationInterceptorChain.invoke(InvocationInterceptorChain.java:37)
	at org.junit.jupiter.engine.execution.ExecutableInvoker.invoke(ExecutableInvoker.java:104)
	at org.junit.jupiter.engine.execution.ExecutableInvoker.invoke(ExecutableInvoker.java:98)
	at org.junit.jupiter.engine.descriptor.ClassBasedTestDescriptor.lambda$invokeBeforeAllMethods$11(ClassBasedTestDescriptor.java:397)
	at org.junit.platform.engine.support.hierarchical.ThrowableCollector.execute(ThrowableCollector.java:73)
	at org.junit.jupiter.engine.descriptor.ClassBasedTestDescriptor.invokeBeforeAllMethods(ClassBasedTestDescriptor.java:395)
	at org.junit.jupiter.engine.descriptor.ClassBasedTestDescriptor.before(ClassBasedTestDescriptor.java:209)
	at org.junit.jupiter.engine.descriptor.ClassBasedTestDescriptor.before(ClassBasedTestDescriptor.java:80)
	at org.junit.platform.engine.support.hierarchical.NodeTestTask.lambda$executeRecursively$6(NodeTestTask.java:148)
	at org.junit.platform.engine.support.hierarchical.ThrowableCollector.execute(ThrowableCollector.java:73)
	at org.junit.platform.engine.support.hierarchical.NodeTestTask.lambda$executeRecursively$8(NodeTestTask.java:141)
	at org.junit.platform.engine.support.hierarchical.Node.around(Node.java:137)
	at org.junit.platform.engine.support.hierarchical.NodeTestTask.lambda$executeRecursively$9(NodeTestTask.java:139)
	at org.junit.platform.engine.support.hierarchical.ThrowableCollector.execute(ThrowableCollector.java:73)
	at org.junit.platform.engine.support.hierarchical.NodeTestTask.executeRecursively(NodeTestTask.java:138)
	at org.junit.platform.engine.support.hierarchical.NodeTestTask.execute(NodeTestTask.java:95)
	at java.base/java.util.ArrayList.forEach(ArrayList.java:1541)
	at org.junit.platform.engine.support.hierarchical.SameThreadHierarchicalTestExecutorService.invokeAll(SameThreadHierarchicalTestExecutorService.java:41)
	at org.junit.platform.engine.support.hierarchical.NodeTestTask.lambda$executeRecursively$6(NodeTestTask.java:155)
	at org.junit.platform.engine.support.hierarchical.ThrowableCollector.execute(ThrowableCollector.java:73)
	at org.junit.platform.engine.support.hierarchical.NodeTestTask.lambda$executeRecursively$8(NodeTestTask.java:141)
	at org.junit.platform.engine.support.hierarchical.Node.around(Node.java:137)
	at org.junit.platform.engine.support.hierarchical.NodeTestTask.lambda$executeRecursively$9(NodeTestTask.java:139)
	at org.junit.platform.engine.support.hierarchical.ThrowableCollector.execute(ThrowableCollector.java:73)
	at org.junit.platform.engine.support.hierarchical.NodeTestTask.executeRecursively(NodeTestTask.java:138)
	at org.junit.platform.engine.support.hierarchical.NodeTestTask.execute(NodeTestTask.java:95)
	at org.junit.platform.engine.support.hierarchical.SameThreadHierarchicalTestExecutorService.submit(SameThreadHierarchicalTestExecutorService.java:35)
	at org.junit.platform.engine.support.hierarchical.HierarchicalTestExecutor.execute(HierarchicalTestExecutor.java:57)
	at org.junit.platform.engine.support.hierarchical.HierarchicalTestEngine.execute(HierarchicalTestEngine.java:54)
	at org.junit.platform.launcher.core.EngineExecutionOrchestrator.execute(EngineExecutionOrchestrator.java:108)
	at org.junit.platform.launcher.core.EngineExecutionOrchestrator.execute(EngineExecutionOrchestrator.java:88)
	at org.junit.platform.launcher.core.EngineExecutionOrchestrator.lambda$execute$0(EngineExecutionOrchestrator.java:54)
	at org.junit.platform.launcher.core.EngineExecutionOrchestrator.withInterceptedStreams(EngineExecutionOrchestrator.java:67)
	at org.junit.platform.launcher.core.EngineExecutionOrchestrator.execute(EngineExecutionOrchestrator.java:52)
	at org.junit.platform.launcher.core.DefaultLauncher.execute(DefaultLauncher.java:96)
	at org.junit.platform.launcher.core.DefaultLauncher.execute(DefaultLauncher.java:75)
	at org.gradle.api.internal.tasks.testing.junitplatform.JUnitPlatformTestClassProcessor$CollectAllTestClassesExecutor.processAllTestClasses(JUnitPlatformTestClassProcessor.java:99)
	at org.gradle.api.internal.tasks.testing.junitplatform.JUnitPlatformTestClassProcessor$CollectAllTestClassesExecutor.access$000(JUnitPlatformTestClassProcessor.java:79)
	at org.gradle.api.internal.tasks.testing.junitplatform.JUnitPlatformTestClassProcessor.stop(JUnitPlatformTestClassProcessor.java:75)
	at org.gradle.api.internal.tasks.testing.SuiteTestClassProcessor.stop(SuiteTestClassProcessor.java:61)
	at java.base/jdk.internal.reflect.NativeMethodAccessorImpl.invoke0(Native Method)
	at java.base/jdk.internal.reflect.NativeMethodAccessorImpl.invoke(NativeMethodAccessorImpl.java:62)
	at java.base/jdk.internal.reflect.DelegatingMethodAccessorImpl.invoke(DelegatingMethodAccessorImpl.java:43)
	at java.base/java.lang.reflect.Method.invoke(Method.java:566)
	at org.gradle.internal.dispatch.ReflectionDispatch.dispatch(ReflectionDispatch.java:36)
	at org.gradle.internal.dispatch.ReflectionDispatch.dispatch(ReflectionDispatch.java:24)
	at org.gradle.internal.dispatch.ContextClassLoaderDispatch.dispatch(ContextClassLoaderDispatch.java:33)
	at org.gradle.internal.dispatch.ProxyDispatchAdapter$DispatchingInvocationHandler.invoke(ProxyDispatchAdapter.java:94)
	at com.sun.proxy.$Proxy2.stop(Unknown Source)
	at org.gradle.api.internal.tasks.testing.worker.TestWorker$3.run(TestWorker.java:193)
	at org.gradle.api.internal.tasks.testing.worker.TestWorker.executeAndMaintainThreadName(TestWorker.java:129)
	at org.gradle.api.internal.tasks.testing.worker.TestWorker.execute(TestWorker.java:100)
	at org.gradle.api.internal.tasks.testing.worker.TestWorker.execute(TestWorker.java:60)
	at org.gradle.process.internal.worker.child.ActionExecutionWorker.execute(ActionExecutionWorker.java:56)
	at org.gradle.process.internal.worker.child.SystemApplicationClassLoaderWorker.call(SystemApplicationClassLoaderWorker.java:133)
	at org.gradle.process.internal.worker.child.SystemApplicationClassLoaderWorker.call(SystemApplicationClassLoaderWorker.java:71)
	at worker.org.gradle.process.internal.worker.GradleWorkerMain.run(GradleWorkerMain.java:69)
	at worker.org.gradle.process.internal.worker.GradleWorkerMain.main(GradleWorkerMain.java:74)
16:49:03.076 [Test worker] DEBUG io.grpc.netty.shaded.io.netty.util.internal.NativeLibraryLoader - io_grpc_netty_shaded_netty_transport_native_epoll_x86_64 cannot be loaded from java.library.path, now trying export to -Dio.netty.native.workdir: /tmp
java.lang.UnsatisfiedLinkError: no io_grpc_netty_shaded_netty_transport_native_epoll_x86_64 in java.library.path: [/usr/java/packages/lib, /usr/lib/x86_64-linux-gnu/jni, /lib/x86_64-linux-gnu, /usr/lib/x86_64-linux-gnu, /usr/lib/jni, /lib, /usr/lib]
	at java.base/java.lang.ClassLoader.loadLibrary(ClassLoader.java:2673)
	at java.base/java.lang.Runtime.loadLibrary0(Runtime.java:830)
	at java.base/java.lang.System.loadLibrary(System.java:1873)
	at io.grpc.netty.shaded.io.netty.util.internal.NativeLibraryUtil.loadLibrary(NativeLibraryUtil.java:38)
	at io.grpc.netty.shaded.io.netty.util.internal.NativeLibraryLoader.loadLibrary(NativeLibraryLoader.java:351)
	at io.grpc.netty.shaded.io.netty.util.internal.NativeLibraryLoader.load(NativeLibraryLoader.java:136)
	at io.grpc.netty.shaded.io.netty.channel.epoll.Native.loadNativeLibrary(Native.java:250)
	at io.grpc.netty.shaded.io.netty.channel.epoll.Native.<clinit>(Native.java:69)
	at io.grpc.netty.shaded.io.netty.channel.epoll.Epoll.<clinit>(Epoll.java:39)
	at java.base/java.lang.Class.forName0(Native Method)
	at java.base/java.lang.Class.forName(Class.java:315)
	at io.grpc.netty.shaded.io.grpc.netty.Utils.isEpollAvailable(Utils.java:291)
	at io.grpc.netty.shaded.io.grpc.netty.Utils.<clinit>(Utils.java:109)
	at io.grpc.netty.shaded.io.grpc.netty.NettyChannelBuilder.<clinit>(NettyChannelBuilder.java:82)
	at io.grpc.netty.shaded.io.grpc.netty.NettyChannelProvider.builderForAddress(NettyChannelProvider.java:38)
	at io.grpc.netty.shaded.io.grpc.netty.NettyChannelProvider.builderForAddress(NettyChannelProvider.java:24)
	at io.grpc.ManagedChannelBuilder.forAddress(ManagedChannelBuilder.java:39)
	at org.example.game.client.GameClientTest.setup(GameClientTest.java:21)
	at java.base/jdk.internal.reflect.NativeMethodAccessorImpl.invoke0(Native Method)
	at java.base/jdk.internal.reflect.NativeMethodAccessorImpl.invoke(NativeMethodAccessorImpl.java:62)
	at java.base/jdk.internal.reflect.DelegatingMethodAccessorImpl.invoke(DelegatingMethodAccessorImpl.java:43)
	at java.base/java.lang.reflect.Method.invoke(Method.java:566)
	at org.junit.platform.commons.util.ReflectionUtils.invokeMethod(ReflectionUtils.java:725)
	at org.junit.jupiter.engine.execution.MethodInvocation.proceed(MethodInvocation.java:60)
	at org.junit.jupiter.engine.execution.InvocationInterceptorChain$ValidatingInvocation.proceed(InvocationInterceptorChain.java:131)
	at org.junit.jupiter.engine.extension.TimeoutExtension.intercept(TimeoutExtension.java:149)
	at org.junit.jupiter.engine.extension.TimeoutExtension.interceptLifecycleMethod(TimeoutExtension.java:126)
	at org.junit.jupiter.engine.extension.TimeoutExtension.interceptBeforeAllMethod(TimeoutExtension.java:68)
	at org.junit.jupiter.engine.execution.ExecutableInvoker$ReflectiveInterceptorCall.lambda$ofVoidMethod$0(ExecutableInvoker.java:115)
	at org.junit.jupiter.engine.execution.ExecutableInvoker.lambda$invoke$0(ExecutableInvoker.java:105)
	at org.junit.jupiter.engine.execution.InvocationInterceptorChain$InterceptedInvocation.proceed(InvocationInterceptorChain.java:106)
	at org.junit.jupiter.engine.execution.InvocationInterceptorChain.proceed(InvocationInterceptorChain.java:64)
	at org.junit.jupiter.engine.execution.InvocationInterceptorChain.chainAndInvoke(InvocationInterceptorChain.java:45)
	at org.junit.jupiter.engine.execution.InvocationInterceptorChain.invoke(InvocationInterceptorChain.java:37)
	at org.junit.jupiter.engine.execution.ExecutableInvoker.invoke(ExecutableInvoker.java:104)
	at org.junit.jupiter.engine.execution.ExecutableInvoker.invoke(ExecutableInvoker.java:98)
	at org.junit.jupiter.engine.descriptor.ClassBasedTestDescriptor.lambda$invokeBeforeAllMethods$11(ClassBasedTestDescriptor.java:397)
	at org.junit.platform.engine.support.hierarchical.ThrowableCollector.execute(ThrowableCollector.java:73)
	at org.junit.jupiter.engine.descriptor.ClassBasedTestDescriptor.invokeBeforeAllMethods(ClassBasedTestDescriptor.java:395)
	at org.junit.jupiter.engine.descriptor.ClassBasedTestDescriptor.before(ClassBasedTestDescriptor.java:209)
	at org.junit.jupiter.engine.descriptor.ClassBasedTestDescriptor.before(ClassBasedTestDescriptor.java:80)
	at org.junit.platform.engine.support.hierarchical.NodeTestTask.lambda$executeRecursively$6(NodeTestTask.java:148)
	at org.junit.platform.engine.support.hierarchical.ThrowableCollector.execute(ThrowableCollector.java:73)
	at org.junit.platform.engine.support.hierarchical.NodeTestTask.lambda$executeRecursively$8(NodeTestTask.java:141)
	at org.junit.platform.engine.support.hierarchical.Node.around(Node.java:137)
	at org.junit.platform.engine.support.hierarchical.NodeTestTask.lambda$executeRecursively$9(NodeTestTask.java:139)
	at org.junit.platform.engine.support.hierarchical.ThrowableCollector.execute(ThrowableCollector.java:73)
	at org.junit.platform.engine.support.hierarchical.NodeTestTask.executeRecursively(NodeTestTask.java:138)
	at org.junit.platform.engine.support.hierarchical.NodeTestTask.execute(NodeTestTask.java:95)
	at java.base/java.util.ArrayList.forEach(ArrayList.java:1541)
	at org.junit.platform.engine.support.hierarchical.SameThreadHierarchicalTestExecutorService.invokeAll(SameThreadHierarchicalTestExecutorService.java:41)
	at org.junit.platform.engine.support.hierarchical.NodeTestTask.lambda$executeRecursively$6(NodeTestTask.java:155)
	at org.junit.platform.engine.support.hierarchical.ThrowableCollector.execute(ThrowableCollector.java:73)
	at org.junit.platform.engine.support.hierarchical.NodeTestTask.lambda$executeRecursively$8(NodeTestTask.java:141)
	at org.junit.platform.engine.support.hierarchical.Node.around(Node.java:137)
	at org.junit.platform.engine.support.hierarchical.NodeTestTask.lambda$executeRecursively$9(NodeTestTask.java:139)
	at org.junit.platform.engine.support.hierarchical.ThrowableCollector.execute(ThrowableCollector.java:73)
	at org.junit.platform.engine.support.hierarchical.NodeTestTask.executeRecursively(NodeTestTask.java:138)
	at org.junit.platform.engine.support.hierarchical.NodeTestTask.execute(NodeTestTask.java:95)
	at org.junit.platform.engine.support.hierarchical.SameThreadHierarchicalTestExecutorService.submit(SameThreadHierarchicalTestExecutorService.java:35)
	at org.junit.platform.engine.support.hierarchical.HierarchicalTestExecutor.execute(HierarchicalTestExecutor.java:57)
	at org.junit.platform.engine.support.hierarchical.HierarchicalTestEngine.execute(HierarchicalTestEngine.java:54)
	at org.junit.platform.launcher.core.EngineExecutionOrchestrator.execute(EngineExecutionOrchestrator.java:108)
	at org.junit.platform.launcher.core.EngineExecutionOrchestrator.execute(EngineExecutionOrchestrator.java:88)
	at org.junit.platform.launcher.core.EngineExecutionOrchestrator.lambda$execute$0(EngineExecutionOrchestrator.java:54)
	at org.junit.platform.launcher.core.EngineExecutionOrchestrator.withInterceptedStreams(EngineExecutionOrchestrator.java:67)
	at org.junit.platform.launcher.core.EngineExecutionOrchestrator.execute(EngineExecutionOrchestrator.java:52)
	at org.junit.platform.launcher.core.DefaultLauncher.execute(DefaultLauncher.java:96)
	at org.junit.platform.launcher.core.DefaultLauncher.execute(DefaultLauncher.java:75)
	at org.gradle.api.internal.tasks.testing.junitplatform.JUnitPlatformTestClassProcessor$CollectAllTestClassesExecutor.processAllTestClasses(JUnitPlatformTestClassProcessor.java:99)
	at org.gradle.api.internal.tasks.testing.junitplatform.JUnitPlatformTestClassProcessor$CollectAllTestClassesExecutor.access$000(JUnitPlatformTestClassProcessor.java:79)
	at org.gradle.api.internal.tasks.testing.junitplatform.JUnitPlatformTestClassProcessor.stop(JUnitPlatformTestClassProcessor.java:75)
	at org.gradle.api.internal.tasks.testing.SuiteTestClassProcessor.stop(SuiteTestClassProcessor.java:61)
	at java.base/jdk.internal.reflect.NativeMethodAccessorImpl.invoke0(Native Method)
	at java.base/jdk.internal.reflect.NativeMethodAccessorImpl.invoke(NativeMethodAccessorImpl.java:62)
	at java.base/jdk.internal.reflect.DelegatingMethodAccessorImpl.invoke(DelegatingMethodAccessorImpl.java:43)
	at java.base/java.lang.reflect.Method.invoke(Method.java:566)
	at org.gradle.internal.dispatch.ReflectionDispatch.dispatch(ReflectionDispatch.java:36)
	at org.gradle.internal.dispatch.ReflectionDispatch.dispatch(ReflectionDispatch.java:24)
	at org.gradle.internal.dispatch.ContextClassLoaderDispatch.dispatch(ContextClassLoaderDispatch.java:33)
	at org.gradle.internal.dispatch.ProxyDispatchAdapter$DispatchingInvocationHandler.invoke(ProxyDispatchAdapter.java:94)
	at com.sun.proxy.$Proxy2.stop(Unknown Source)
	at org.gradle.api.internal.tasks.testing.worker.TestWorker$3.run(TestWorker.java:193)
	at org.gradle.api.internal.tasks.testing.worker.TestWorker.executeAndMaintainThreadName(TestWorker.java:129)
	at org.gradle.api.internal.tasks.testing.worker.TestWorker.execute(TestWorker.java:100)
	at org.gradle.api.internal.tasks.testing.worker.TestWorker.execute(TestWorker.java:60)
	at org.gradle.process.internal.worker.child.ActionExecutionWorker.execute(ActionExecutionWorker.java:56)
	at org.gradle.process.internal.worker.child.SystemApplicationClassLoaderWorker.call(SystemApplicationClassLoaderWorker.java:133)
	at org.gradle.process.internal.worker.child.SystemApplicationClassLoaderWorker.call(SystemApplicationClassLoaderWorker.java:71)
	at worker.org.gradle.process.internal.worker.GradleWorkerMain.run(GradleWorkerMain.java:69)
	at worker.org.gradle.process.internal.worker.GradleWorkerMain.main(GradleWorkerMain.java:74)
	Suppressed: java.lang.UnsatisfiedLinkError: no io_grpc_netty_shaded_netty_transport_native_epoll_x86_64 in java.library.path: [/usr/java/packages/lib, /usr/lib/x86_64-linux-gnu/jni, /lib/x86_64-linux-gnu, /usr/lib/x86_64-linux-gnu, /usr/lib/jni, /lib, /usr/lib]
		at java.base/java.lang.ClassLoader.loadLibrary(ClassLoader.java:2673)
		at java.base/java.lang.Runtime.loadLibrary0(Runtime.java:830)
		at java.base/java.lang.System.loadLibrary(System.java:1873)
		at io.grpc.netty.shaded.io.netty.util.internal.NativeLibraryUtil.loadLibrary(NativeLibraryUtil.java:38)
		at java.base/jdk.internal.reflect.NativeMethodAccessorImpl.invoke0(Native Method)
		at java.base/jdk.internal.reflect.NativeMethodAccessorImpl.invoke(NativeMethodAccessorImpl.java:62)
		at java.base/jdk.internal.reflect.DelegatingMethodAccessorImpl.invoke(DelegatingMethodAccessorImpl.java:43)
		at java.base/java.lang.reflect.Method.invoke(Method.java:566)
		at io.grpc.netty.shaded.io.netty.util.internal.NativeLibraryLoader$1.run(NativeLibraryLoader.java:371)
		at java.base/java.security.AccessController.doPrivileged(Native Method)
		at io.grpc.netty.shaded.io.netty.util.internal.NativeLibraryLoader.loadLibraryByHelper(NativeLibraryLoader.java:363)
		at io.grpc.netty.shaded.io.netty.util.internal.NativeLibraryLoader.loadLibrary(NativeLibraryLoader.java:341)
		... 86 common frames omitted
16:49:03.087 [Test worker] DEBUG io.grpc.netty.shaded.io.netty.util.internal.NativeLibraryLoader - Successfully loaded the library /tmp/libio_grpc_netty_shaded_netty_transport_native_epoll_x86_647855975777210751096.so
16:49:03.088 [Test worker] DEBUG io.grpc.netty.shaded.io.netty.util.NetUtil - -Djava.net.preferIPv4Stack: false
16:49:03.089 [Test worker] DEBUG io.grpc.netty.shaded.io.netty.util.NetUtil - -Djava.net.preferIPv6Addresses: false
16:49:03.090 [Test worker] DEBUG io.grpc.netty.shaded.io.netty.util.NetUtil - Loopback interface: lo (lo, 0:0:0:0:0:0:0:1%lo)
16:49:03.091 [Test worker] DEBUG io.grpc.netty.shaded.io.netty.util.NetUtil - /proc/sys/net/core/somaxconn: 4096
16:49:03.112 [Test worker] DEBUG io.grpc.netty.shaded.io.netty.channel.MultithreadEventLoopGroup - -Dio.netty.eventLoopThreads: 16
16:49:03.150 [Test worker] DEBUG io.grpc.netty.shaded.io.netty.util.internal.InternalThreadLocalMap - -Dio.netty.threadLocalMap.stringBuilder.initialSize: 1024
16:49:03.151 [Test worker] DEBUG io.grpc.netty.shaded.io.netty.util.internal.InternalThreadLocalMap - -Dio.netty.threadLocalMap.stringBuilder.maxSize: 4096
16:49:03.161 [Test worker] DEBUG io.grpc.netty.shaded.io.netty.util.internal.PlatformDependent - org.jctools-core.MpscChunkedArrayQueue: available
16:49:03.255 [grpc-default-executor-0] DEBUG io.grpc.netty.shaded.io.netty.util.ResourceLeakDetector - -Dio.grpc.netty.shaded.io.netty.leakDetection.level: simple
16:49:03.255 [grpc-default-executor-0] DEBUG io.grpc.netty.shaded.io.netty.util.ResourceLeakDetector - -Dio.grpc.netty.shaded.io.netty.leakDetection.targetRecords: 4
16:49:03.259 [grpc-default-executor-0] DEBUG io.grpc.netty.shaded.io.netty.buffer.AbstractByteBuf - -Dio.grpc.netty.shaded.io.netty.buffer.checkAccessible: true
16:49:03.259 [grpc-default-executor-0] DEBUG io.grpc.netty.shaded.io.netty.buffer.AbstractByteBuf - -Dio.grpc.netty.shaded.io.netty.buffer.checkBounds: true
16:49:03.259 [grpc-default-executor-0] DEBUG io.grpc.netty.shaded.io.netty.util.ResourceLeakDetectorFactory - Loaded default ResourceLeakDetector: io.grpc.netty.shaded.io.netty.util.ResourceLeakDetector@1730bf7c
16:49:03.286 [grpc-default-executor-0] DEBUG io.grpc.netty.shaded.io.netty.buffer.PooledByteBufAllocator - -Dio.netty.allocator.numHeapArenas: 5
16:49:03.286 [grpc-default-executor-0] DEBUG io.grpc.netty.shaded.io.netty.buffer.PooledByteBufAllocator - -Dio.netty.allocator.numDirectArenas: 5
16:49:03.286 [grpc-default-executor-0] DEBUG io.grpc.netty.shaded.io.netty.buffer.PooledByteBufAllocator - -Dio.netty.allocator.pageSize: 8192
16:49:03.286 [grpc-default-executor-0] DEBUG io.grpc.netty.shaded.io.netty.buffer.PooledByteBufAllocator - -Dio.netty.allocator.maxOrder: 11
16:49:03.286 [grpc-default-executor-0] DEBUG io.grpc.netty.shaded.io.netty.buffer.PooledByteBufAllocator - -Dio.netty.allocator.chunkSize: 16777216
16:49:03.286 [grpc-default-executor-0] DEBUG io.grpc.netty.shaded.io.netty.buffer.PooledByteBufAllocator - -Dio.netty.allocator.smallCacheSize: 256
16:49:03.286 [grpc-default-executor-0] DEBUG io.grpc.netty.shaded.io.netty.buffer.PooledByteBufAllocator - -Dio.netty.allocator.normalCacheSize: 64
16:49:03.287 [grpc-default-executor-0] DEBUG io.grpc.netty.shaded.io.netty.buffer.PooledByteBufAllocator - -Dio.netty.allocator.maxCachedBufferCapacity: 32768
16:49:03.287 [grpc-default-executor-0] DEBUG io.grpc.netty.shaded.io.netty.buffer.PooledByteBufAllocator - -Dio.netty.allocator.cacheTrimInterval: 8192
16:49:03.287 [grpc-default-executor-0] DEBUG io.grpc.netty.shaded.io.netty.buffer.PooledByteBufAllocator - -Dio.netty.allocator.cacheTrimIntervalMillis: 0
16:49:03.287 [grpc-default-executor-0] DEBUG io.grpc.netty.shaded.io.netty.buffer.PooledByteBufAllocator - -Dio.netty.allocator.useCacheForAllThreads: true
16:49:03.287 [grpc-default-executor-0] DEBUG io.grpc.netty.shaded.io.netty.buffer.PooledByteBufAllocator - -Dio.netty.allocator.maxCachedByteBuffersPerChunk: 1023
16:49:03.302 [grpc-default-executor-0] DEBUG io.grpc.netty.shaded.io.netty.channel.DefaultChannelId - -Dio.netty.processId: 31214 (auto-detected)
16:49:03.304 [grpc-default-executor-0] DEBUG io.grpc.netty.shaded.io.netty.channel.DefaultChannelId - -Dio.netty.machineId: 4c:79:6e:ff:fe:58:1f:b5 (auto-detected)
16:49:03.313 [grpc-default-executor-0] DEBUG io.grpc.netty.shaded.io.netty.buffer.ByteBufUtil - -Dio.netty.allocator.type: pooled
16:49:03.313 [grpc-default-executor-0] DEBUG io.grpc.netty.shaded.io.netty.buffer.ByteBufUtil - -Dio.netty.threadLocalDirectBufferSize: 0
16:49:03.313 [grpc-default-executor-0] DEBUG io.grpc.netty.shaded.io.netty.buffer.ByteBufUtil - -Dio.netty.maxThreadLocalCharBufferSize: 16384
16:49:03.319 [grpc-default-executor-0] DEBUG io.grpc.netty.shaded.io.netty.util.Recycler - -Dio.netty.recycler.maxCapacityPerThread: 4096
16:49:03.319 [grpc-default-executor-0] DEBUG io.grpc.netty.shaded.io.netty.util.Recycler - -Dio.netty.recycler.maxSharedCapacityFactor: 2
16:49:03.319 [grpc-default-executor-0] DEBUG io.grpc.netty.shaded.io.netty.util.Recycler - -Dio.netty.recycler.linkCapacity: 16
16:49:03.319 [grpc-default-executor-0] DEBUG io.grpc.netty.shaded.io.netty.util.Recycler - -Dio.netty.recycler.ratio: 8
16:49:03.319 [grpc-default-executor-0] DEBUG io.grpc.netty.shaded.io.netty.util.Recycler - -Dio.netty.recycler.delayedQueue.ratio: 8
16:49:03.331 [grpc-default-worker-ELG-1-2] DEBUG io.grpc.netty.shaded.io.grpc.netty.NettyClientHandler - [id: 0x95934e51, L:/127.0.0.1:58738 - R:localhost/127.0.0.1:1991] OUTBOUND SETTINGS: ack=false settings={ENABLE_PUSH=0, MAX_CONCURRENT_STREAMS=0, INITIAL_WINDOW_SIZE=1048576, MAX_HEADER_LIST_SIZE=8192}
16:49:03.337 [grpc-default-worker-ELG-1-2] DEBUG io.grpc.netty.shaded.io.grpc.netty.NettyClientHandler - [id: 0x95934e51, L:/127.0.0.1:58738 - R:localhost/127.0.0.1:1991] OUTBOUND WINDOW_UPDATE: streamId=0 windowSizeIncrement=983041
16:49:03.381 [grpc-default-worker-ELG-1-2] DEBUG io.grpc.netty.shaded.io.grpc.netty.NettyClientHandler - [id: 0x95934e51, L:/127.0.0.1:58738 - R:localhost/127.0.0.1:1991] INBOUND SETTINGS: ack=false settings={MAX_CONCURRENT_STREAMS=2147483647, INITIAL_WINDOW_SIZE=1048576, MAX_HEADER_LIST_SIZE=8192}
16:49:03.382 [grpc-default-worker-ELG-1-2] DEBUG io.grpc.netty.shaded.io.grpc.netty.NettyClientHandler - [id: 0x95934e51, L:/127.0.0.1:58738 - R:localhost/127.0.0.1:1991] OUTBOUND SETTINGS: ack=true
16:49:03.389 [grpc-default-worker-ELG-1-2] DEBUG io.grpc.netty.shaded.io.grpc.netty.NettyClientHandler - [id: 0x95934e51, L:/127.0.0.1:58738 - R:localhost/127.0.0.1:1991] INBOUND WINDOW_UPDATE: streamId=0 windowSizeIncrement=983041
16:49:03.392 [grpc-default-worker-ELG-1-2] DEBUG io.grpc.netty.shaded.io.grpc.netty.NettyClientHandler - [id: 0x95934e51, L:/127.0.0.1:58738 - R:localhost/127.0.0.1:1991] OUTBOUND HEADERS: streamId=3 headers=GrpcHttp2OutboundHeaders[:authority: localhost:1991, :path: /GameService/roll, :method: POST, :scheme: http, content-type: application/grpc, te: trailers, user-agent: grpc-java-netty/1.37.0, grpc-accept-encoding: gzip] streamDependency=0 weight=16 exclusive=false padding=0 endStream=false
16:49:03.396 [grpc-default-worker-ELG-1-2] DEBUG io.grpc.netty.shaded.io.grpc.netty.NettyClientHandler - [id: 0x95934e51, L:/127.0.0.1:58738 - R:localhost/127.0.0.1:1991] INBOUND SETTINGS: ack=true
16:49:03.399 [grpc-default-worker-ELG-1-2] DEBUG io.grpc.netty.shaded.io.grpc.netty.NettyClientHandler - [id: 0x95934e51, L:/127.0.0.1:58738 - R:localhost/127.0.0.1:1991] OUTBOUND DATA: streamId=3 padding=0 endStream=false length=7 bytes=00000000020803
16:49:03.413 [grpc-default-worker-ELG-1-2] DEBUG io.grpc.netty.shaded.io.grpc.netty.NettyClientHandler - [id: 0x95934e51, L:/127.0.0.1:58738 - R:localhost/127.0.0.1:1991] INBOUND PING: ack=false bytes=1234
16:49:03.413 [grpc-default-worker-ELG-1-2] DEBUG io.grpc.netty.shaded.io.grpc.netty.NettyClientHandler - [id: 0x95934e51, L:/127.0.0.1:58738 - R:localhost/127.0.0.1:1991] OUTBOUND PING: ack=true bytes=1234
16:49:03.428 [grpc-default-worker-ELG-1-2] DEBUG io.grpc.netty.shaded.io.grpc.netty.NettyClientHandler - [id: 0x95934e51, L:/127.0.0.1:58738 - R:localhost/127.0.0.1:1991] INBOUND HEADERS: streamId=3 headers=GrpcHttp2ResponseHeaders[:status: 200, content-type: application/grpc, grpc-encoding: identity, grpc-accept-encoding: gzip] padding=0 endStream=false
16:49:03.434 [grpc-default-worker-ELG-1-2] DEBUG io.grpc.netty.shaded.io.grpc.netty.NettyClientHandler - [id: 0x95934e51, L:/127.0.0.1:58738 - R:localhost/127.0.0.1:1991] INBOUND DATA: streamId=3 padding=0 endStream=false length=29 bytes=00000000180a0a0a06636c69656e7410030a0a0a067365727665721005
16:49:03.434 [grpc-default-worker-ELG-1-2] DEBUG io.grpc.netty.shaded.io.grpc.netty.NettyClientHandler - [id: 0x95934e51, L:/127.0.0.1:58738 - R:localhost/127.0.0.1:1991] OUTBOUND PING: ack=false bytes=1234
16:49:03.437 [grpc-default-worker-ELG-1-2] DEBUG io.grpc.netty.shaded.io.grpc.netty.NettyClientHandler - [id: 0x95934e51, L:/127.0.0.1:58738 - R:localhost/127.0.0.1:1991] INBOUND PING: ack=true bytes=1234
client : 3
server : 5
-------------------------------------------------------
16:49:04.448 [grpc-default-worker-ELG-1-2] DEBUG io.grpc.netty.shaded.io.grpc.netty.NettyClientHandler - [id: 0x95934e51, L:/127.0.0.1:58738 - R:localhost/127.0.0.1:1991] OUTBOUND DATA: streamId=3 padding=0 endStream=false length=7 bytes=00000000020801
16:49:04.451 [grpc-default-worker-ELG-1-2] DEBUG io.grpc.netty.shaded.io.grpc.netty.NettyClientHandler - [id: 0x95934e51, L:/127.0.0.1:58738 - R:localhost/127.0.0.1:1991] INBOUND PING: ack=false bytes=1234
16:49:04.451 [grpc-default-worker-ELG-1-2] DEBUG io.grpc.netty.shaded.io.grpc.netty.NettyClientHandler - [id: 0x95934e51, L:/127.0.0.1:58738 - R:localhost/127.0.0.1:1991] OUTBOUND PING: ack=true bytes=1234
16:49:04.453 [grpc-default-worker-ELG-1-2] DEBUG io.grpc.netty.shaded.io.grpc.netty.NettyClientHandler - [id: 0x95934e51, L:/127.0.0.1:58738 - R:localhost/127.0.0.1:1991] INBOUND DATA: streamId=3 padding=0 endStream=false length=29 bytes=00000000180a0a0a06636c69656e74100e0a0a0a06736572766572100a
16:49:04.453 [grpc-default-worker-ELG-1-2] DEBUG io.grpc.netty.shaded.io.grpc.netty.NettyClientHandler - [id: 0x95934e51, L:/127.0.0.1:58738 - R:localhost/127.0.0.1:1991] OUTBOUND PING: ack=false bytes=1234
client : 14
server : 10
16:49:04.455 [grpc-default-worker-ELG-1-2] DEBUG io.grpc.netty.shaded.io.grpc.netty.NettyClientHandler - [id: 0x95934e51, L:/127.0.0.1:58738 - R:localhost/127.0.0.1:1991] INBOUND PING: ack=true bytes=1234
-------------------------------------------------------
16:49:05.456 [grpc-default-worker-ELG-1-2] DEBUG io.grpc.netty.shaded.io.grpc.netty.NettyClientHandler - [id: 0x95934e51, L:/127.0.0.1:58738 - R:localhost/127.0.0.1:1991] OUTBOUND DATA: streamId=3 padding=0 endStream=false length=7 bytes=00000000020801
16:49:05.458 [grpc-default-worker-ELG-1-2] DEBUG io.grpc.netty.shaded.io.grpc.netty.NettyClientHandler - [id: 0x95934e51, L:/127.0.0.1:58738 - R:localhost/127.0.0.1:1991] INBOUND PING: ack=false bytes=1234
16:49:05.459 [grpc-default-worker-ELG-1-2] DEBUG io.grpc.netty.shaded.io.grpc.netty.NettyClientHandler - [id: 0x95934e51, L:/127.0.0.1:58738 - R:localhost/127.0.0.1:1991] OUTBOUND PING: ack=true bytes=1234
16:49:05.460 [grpc-default-worker-ELG-1-2] DEBUG io.grpc.netty.shaded.io.grpc.netty.NettyClientHandler - [id: 0x95934e51, L:/127.0.0.1:58738 - R:localhost/127.0.0.1:1991] INBOUND DATA: streamId=3 padding=0 endStream=false length=29 bytes=00000000180a0a0a06636c69656e74100f0a0a0a06736572766572100b
16:49:05.460 [grpc-default-worker-ELG-1-2] DEBUG io.grpc.netty.shaded.io.grpc.netty.NettyClientHandler - [id: 0x95934e51, L:/127.0.0.1:58738 - R:localhost/127.0.0.1:1991] OUTBOUND PING: ack=false bytes=1234
client : 15
server : 11
16:49:05.461 [grpc-default-worker-ELG-1-2] DEBUG io.grpc.netty.shaded.io.grpc.netty.NettyClientHandler - [id: 0x95934e51, L:/127.0.0.1:58738 - R:localhost/127.0.0.1:1991] INBOUND PING: ack=true bytes=1234
-------------------------------------------------------
16:49:06.461 [grpc-default-worker-ELG-1-2] DEBUG io.grpc.netty.shaded.io.grpc.netty.NettyClientHandler - [id: 0x95934e51, L:/127.0.0.1:58738 - R:localhost/127.0.0.1:1991] OUTBOUND DATA: streamId=3 padding=0 endStream=false length=7 bytes=00000000020805
16:49:06.464 [grpc-default-worker-ELG-1-2] DEBUG io.grpc.netty.shaded.io.grpc.netty.NettyClientHandler - [id: 0x95934e51, L:/127.0.0.1:58738 - R:localhost/127.0.0.1:1991] INBOUND PING: ack=false bytes=1234
16:49:06.464 [grpc-default-worker-ELG-1-2] DEBUG io.grpc.netty.shaded.io.grpc.netty.NettyClientHandler - [id: 0x95934e51, L:/127.0.0.1:58738 - R:localhost/127.0.0.1:1991] OUTBOUND PING: ack=true bytes=1234
16:49:06.465 [grpc-default-worker-ELG-1-2] DEBUG io.grpc.netty.shaded.io.grpc.netty.NettyClientHandler - [id: 0x95934e51, L:/127.0.0.1:58738 - R:localhost/127.0.0.1:1991] INBOUND DATA: streamId=3 padding=0 endStream=false length=29 bytes=00000000180a0a0a06636c69656e7410140a0a0a06736572766572100c
16:49:06.466 [grpc-default-worker-ELG-1-2] DEBUG io.grpc.netty.shaded.io.grpc.netty.NettyClientHandler - [id: 0x95934e51, L:/127.0.0.1:58738 - R:localhost/127.0.0.1:1991] OUTBOUND PING: ack=false bytes=1234
client : 20
server : 12
16:49:06.468 [grpc-default-worker-ELG-1-2] DEBUG io.grpc.netty.shaded.io.grpc.netty.NettyClientHandler - [id: 0x95934e51, L:/127.0.0.1:58738 - R:localhost/127.0.0.1:1991] INBOUND PING: ack=true bytes=1234
-------------------------------------------------------
16:49:07.468 [grpc-default-worker-ELG-1-2] DEBUG io.grpc.netty.shaded.io.grpc.netty.NettyClientHandler - [id: 0x95934e51, L:/127.0.0.1:58738 - R:localhost/127.0.0.1:1991] OUTBOUND DATA: streamId=3 padding=0 endStream=false length=7 bytes=00000000020806
16:49:07.471 [grpc-default-worker-ELG-1-2] DEBUG io.grpc.netty.shaded.io.grpc.netty.NettyClientHandler - [id: 0x95934e51, L:/127.0.0.1:58738 - R:localhost/127.0.0.1:1991] INBOUND PING: ack=false bytes=1234
16:49:07.471 [grpc-default-worker-ELG-1-2] DEBUG io.grpc.netty.shaded.io.grpc.netty.NettyClientHandler - [id: 0x95934e51, L:/127.0.0.1:58738 - R:localhost/127.0.0.1:1991] OUTBOUND PING: ack=true bytes=1234
16:49:07.472 [grpc-default-worker-ELG-1-2] DEBUG io.grpc.netty.shaded.io.grpc.netty.NettyClientHandler - [id: 0x95934e51, L:/127.0.0.1:58738 - R:localhost/127.0.0.1:1991] INBOUND DATA: streamId=3 padding=0 endStream=false length=29 bytes=00000000180a0a0a06636c69656e74101a0a0a0a067365727665721011
16:49:07.472 [grpc-default-worker-ELG-1-2] DEBUG io.grpc.netty.shaded.io.grpc.netty.NettyClientHandler - [id: 0x95934e51, L:/127.0.0.1:58738 - R:localhost/127.0.0.1:1991] OUTBOUND PING: ack=false bytes=1234
client : 26
server : 17
16:49:07.474 [grpc-default-worker-ELG-1-2] DEBUG io.grpc.netty.shaded.io.grpc.netty.NettyClientHandler - [id: 0x95934e51, L:/127.0.0.1:58738 - R:localhost/127.0.0.1:1991] INBOUND PING: ack=true bytes=1234
-------------------------------------------------------
16:49:08.474 [grpc-default-worker-ELG-1-2] DEBUG io.grpc.netty.shaded.io.grpc.netty.NettyClientHandler - [id: 0x95934e51, L:/127.0.0.1:58738 - R:localhost/127.0.0.1:1991] OUTBOUND DATA: streamId=3 padding=0 endStream=false length=7 bytes=00000000020802
16:49:08.477 [grpc-default-worker-ELG-1-2] DEBUG io.grpc.netty.shaded.io.grpc.netty.NettyClientHandler - [id: 0x95934e51, L:/127.0.0.1:58738 - R:localhost/127.0.0.1:1991] INBOUND PING: ack=false bytes=1234
16:49:08.477 [grpc-default-worker-ELG-1-2] DEBUG io.grpc.netty.shaded.io.grpc.netty.NettyClientHandler - [id: 0x95934e51, L:/127.0.0.1:58738 - R:localhost/127.0.0.1:1991] OUTBOUND PING: ack=true bytes=1234
16:49:08.478 [grpc-default-worker-ELG-1-2] DEBUG io.grpc.netty.shaded.io.grpc.netty.NettyClientHandler - [id: 0x95934e51, L:/127.0.0.1:58738 - R:localhost/127.0.0.1:1991] INBOUND DATA: streamId=3 padding=0 endStream=false length=29 bytes=00000000180a0a0a06636c69656e74104c0a0a0a067365727665721017
16:49:08.478 [grpc-default-worker-ELG-1-2] DEBUG io.grpc.netty.shaded.io.grpc.netty.NettyClientHandler - [id: 0x95934e51, L:/127.0.0.1:58738 - R:localhost/127.0.0.1:1991] OUTBOUND PING: ack=false bytes=1234
client : 76
server : 23
16:49:08.480 [grpc-default-worker-ELG-1-2] DEBUG io.grpc.netty.shaded.io.grpc.netty.NettyClientHandler - [id: 0x95934e51, L:/127.0.0.1:58738 - R:localhost/127.0.0.1:1991] INBOUND PING: ack=true bytes=1234
-------------------------------------------------------
16:49:09.481 [grpc-default-worker-ELG-1-2] DEBUG io.grpc.netty.shaded.io.grpc.netty.NettyClientHandler - [id: 0x95934e51, L:/127.0.0.1:58738 - R:localhost/127.0.0.1:1991] OUTBOUND DATA: streamId=3 padding=0 endStream=false length=7 bytes=00000000020801
16:49:09.484 [grpc-default-worker-ELG-1-2] DEBUG io.grpc.netty.shaded.io.grpc.netty.NettyClientHandler - [id: 0x95934e51, L:/127.0.0.1:58738 - R:localhost/127.0.0.1:1991] INBOUND PING: ack=false bytes=1234
16:49:09.484 [grpc-default-worker-ELG-1-2] DEBUG io.grpc.netty.shaded.io.grpc.netty.NettyClientHandler - [id: 0x95934e51, L:/127.0.0.1:58738 - R:localhost/127.0.0.1:1991] OUTBOUND PING: ack=true bytes=1234
16:49:09.486 [grpc-default-worker-ELG-1-2] DEBUG io.grpc.netty.shaded.io.grpc.netty.NettyClientHandler - [id: 0x95934e51, L:/127.0.0.1:58738 - R:localhost/127.0.0.1:1991] INBOUND DATA: streamId=3 padding=0 endStream=false length=29 bytes=00000000180a0a0a06636c69656e74104d0a0a0a067365727665721018
16:49:09.486 [grpc-default-worker-ELG-1-2] DEBUG io.grpc.netty.shaded.io.grpc.netty.NettyClientHandler - [id: 0x95934e51, L:/127.0.0.1:58738 - R:localhost/127.0.0.1:1991] OUTBOUND PING: ack=false bytes=1234
client : 77
server : 24
16:49:09.487 [grpc-default-worker-ELG-1-2] DEBUG io.grpc.netty.shaded.io.grpc.netty.NettyClientHandler - [id: 0x95934e51, L:/127.0.0.1:58738 - R:localhost/127.0.0.1:1991] INBOUND PING: ack=true bytes=1234
-------------------------------------------------------
16:49:10.488 [grpc-default-worker-ELG-1-2] DEBUG io.grpc.netty.shaded.io.grpc.netty.NettyClientHandler - [id: 0x95934e51, L:/127.0.0.1:58738 - R:localhost/127.0.0.1:1991] OUTBOUND DATA: streamId=3 padding=0 endStream=false length=7 bytes=00000000020803
16:49:10.490 [grpc-default-worker-ELG-1-2] DEBUG io.grpc.netty.shaded.io.grpc.netty.NettyClientHandler - [id: 0x95934e51, L:/127.0.0.1:58738 - R:localhost/127.0.0.1:1991] INBOUND PING: ack=false bytes=1234
16:49:10.491 [grpc-default-worker-ELG-1-2] DEBUG io.grpc.netty.shaded.io.grpc.netty.NettyClientHandler - [id: 0x95934e51, L:/127.0.0.1:58738 - R:localhost/127.0.0.1:1991] OUTBOUND PING: ack=true bytes=1234
16:49:10.492 [grpc-default-worker-ELG-1-2] DEBUG io.grpc.netty.shaded.io.grpc.netty.NettyClientHandler - [id: 0x95934e51, L:/127.0.0.1:58738 - R:localhost/127.0.0.1:1991] INBOUND DATA: streamId=3 padding=0 endStream=false length=29 bytes=00000000180a0a0a06636c69656e7410630a0a0a06736572766572104c
16:49:10.492 [grpc-default-worker-ELG-1-2] DEBUG io.grpc.netty.shaded.io.grpc.netty.NettyClientHandler - [id: 0x95934e51, L:/127.0.0.1:58738 - R:localhost/127.0.0.1:1991] OUTBOUND PING: ack=false bytes=1234
client : 99
server : 76
16:49:10.493 [grpc-default-worker-ELG-1-2] DEBUG io.grpc.netty.shaded.io.grpc.netty.NettyClientHandler - [id: 0x95934e51, L:/127.0.0.1:58738 - R:localhost/127.0.0.1:1991] INBOUND PING: ack=true bytes=1234
-------------------------------------------------------
16:49:11.494 [grpc-default-worker-ELG-1-2] DEBUG io.grpc.netty.shaded.io.grpc.netty.NettyClientHandler - [id: 0x95934e51, L:/127.0.0.1:58738 - R:localhost/127.0.0.1:1991] OUTBOUND DATA: streamId=3 padding=0 endStream=false length=7 bytes=00000000020803
16:49:11.499 [grpc-default-worker-ELG-1-2] DEBUG io.grpc.netty.shaded.io.grpc.netty.NettyClientHandler - [id: 0x95934e51, L:/127.0.0.1:58738 - R:localhost/127.0.0.1:1991] INBOUND PING: ack=false bytes=1234
16:49:11.499 [grpc-default-worker-ELG-1-2] DEBUG io.grpc.netty.shaded.io.grpc.netty.NettyClientHandler - [id: 0x95934e51, L:/127.0.0.1:58738 - R:localhost/127.0.0.1:1991] OUTBOUND PING: ack=true bytes=1234
16:49:11.500 [grpc-default-worker-ELG-1-2] DEBUG io.grpc.netty.shaded.io.grpc.netty.NettyClientHandler - [id: 0x95934e51, L:/127.0.0.1:58738 - R:localhost/127.0.0.1:1991] INBOUND DATA: streamId=3 padding=0 endStream=false length=29 bytes=00000000180a0a0a06636c69656e7410630a0a0a06736572766572104d
16:49:11.500 [grpc-default-worker-ELG-1-2] DEBUG io.grpc.netty.shaded.io.grpc.netty.NettyClientHandler - [id: 0x95934e51, L:/127.0.0.1:58738 - R:localhost/127.0.0.1:1991] OUTBOUND PING: ack=false bytes=1234
client : 99
server : 77
16:49:11.501 [grpc-default-worker-ELG-1-2] DEBUG io.grpc.netty.shaded.io.grpc.netty.NettyClientHandler - [id: 0x95934e51, L:/127.0.0.1:58738 - R:localhost/127.0.0.1:1991] INBOUND PING: ack=true bytes=1234
-------------------------------------------------------
16:49:12.501 [grpc-default-worker-ELG-1-2] DEBUG io.grpc.netty.shaded.io.grpc.netty.NettyClientHandler - [id: 0x95934e51, L:/127.0.0.1:58738 - R:localhost/127.0.0.1:1991] OUTBOUND DATA: streamId=3 padding=0 endStream=false length=7 bytes=00000000020805
16:49:12.504 [grpc-default-worker-ELG-1-2] DEBUG io.grpc.netty.shaded.io.grpc.netty.NettyClientHandler - [id: 0x95934e51, L:/127.0.0.1:58738 - R:localhost/127.0.0.1:1991] INBOUND PING: ack=false bytes=1234
16:49:12.504 [grpc-default-worker-ELG-1-2] DEBUG io.grpc.netty.shaded.io.grpc.netty.NettyClientHandler - [id: 0x95934e51, L:/127.0.0.1:58738 - R:localhost/127.0.0.1:1991] OUTBOUND PING: ack=true bytes=1234
16:49:12.505 [grpc-default-worker-ELG-1-2] DEBUG io.grpc.netty.shaded.io.grpc.netty.NettyClientHandler - [id: 0x95934e51, L:/127.0.0.1:58738 - R:localhost/127.0.0.1:1991] INBOUND DATA: streamId=3 padding=0 endStream=false length=29 bytes=00000000180a0a0a06636c69656e7410630a0a0a067365727665721063
16:49:12.506 [grpc-default-worker-ELG-1-2] DEBUG io.grpc.netty.shaded.io.grpc.netty.NettyClientHandler - [id: 0x95934e51, L:/127.0.0.1:58738 - R:localhost/127.0.0.1:1991] OUTBOUND PING: ack=false bytes=1234
client : 99
server : 99
16:49:12.507 [grpc-default-worker-ELG-1-2] DEBUG io.grpc.netty.shaded.io.grpc.netty.NettyClientHandler - [id: 0x95934e51, L:/127.0.0.1:58738 - R:localhost/127.0.0.1:1991] INBOUND PING: ack=true bytes=1234
-------------------------------------------------------
16:49:13.507 [grpc-default-worker-ELG-1-2] DEBUG io.grpc.netty.shaded.io.grpc.netty.NettyClientHandler - [id: 0x95934e51, L:/127.0.0.1:58738 - R:localhost/127.0.0.1:1991] OUTBOUND DATA: streamId=3 padding=0 endStream=false length=7 bytes=00000000020806
16:49:13.510 [grpc-default-worker-ELG-1-2] DEBUG io.grpc.netty.shaded.io.grpc.netty.NettyClientHandler - [id: 0x95934e51, L:/127.0.0.1:58738 - R:localhost/127.0.0.1:1991] INBOUND PING: ack=false bytes=1234
16:49:13.511 [grpc-default-worker-ELG-1-2] DEBUG io.grpc.netty.shaded.io.grpc.netty.NettyClientHandler - [id: 0x95934e51, L:/127.0.0.1:58738 - R:localhost/127.0.0.1:1991] OUTBOUND PING: ack=true bytes=1234
16:49:13.512 [grpc-default-worker-ELG-1-2] DEBUG io.grpc.netty.shaded.io.grpc.netty.NettyClientHandler - [id: 0x95934e51, L:/127.0.0.1:58738 - R:localhost/127.0.0.1:1991] INBOUND DATA: streamId=3 padding=0 endStream=false length=29 bytes=00000000180a0a0a06636c69656e7410630a0a0a067365727665721063
16:49:13.512 [grpc-default-worker-ELG-1-2] DEBUG io.grpc.netty.shaded.io.grpc.netty.NettyClientHandler - [id: 0x95934e51, L:/127.0.0.1:58738 - R:localhost/127.0.0.1:1991] OUTBOUND PING: ack=false bytes=1234
client : 99
server : 99
16:49:13.513 [grpc-default-worker-ELG-1-2] DEBUG io.grpc.netty.shaded.io.grpc.netty.NettyClientHandler - [id: 0x95934e51, L:/127.0.0.1:58738 - R:localhost/127.0.0.1:1991] INBOUND PING: ack=true bytes=1234
-------------------------------------------------------
16:49:14.514 [grpc-default-worker-ELG-1-2] DEBUG io.grpc.netty.shaded.io.grpc.netty.NettyClientHandler - [id: 0x95934e51, L:/127.0.0.1:58738 - R:localhost/127.0.0.1:1991] OUTBOUND DATA: streamId=3 padding=0 endStream=false length=7 bytes=00000000020806
16:49:14.517 [grpc-default-worker-ELG-1-2] DEBUG io.grpc.netty.shaded.io.grpc.netty.NettyClientHandler - [id: 0x95934e51, L:/127.0.0.1:58738 - R:localhost/127.0.0.1:1991] INBOUND PING: ack=false bytes=1234
16:49:14.517 [grpc-default-worker-ELG-1-2] DEBUG io.grpc.netty.shaded.io.grpc.netty.NettyClientHandler - [id: 0x95934e51, L:/127.0.0.1:58738 - R:localhost/127.0.0.1:1991] OUTBOUND PING: ack=true bytes=1234
16:49:14.518 [grpc-default-worker-ELG-1-2] DEBUG io.grpc.netty.shaded.io.grpc.netty.NettyClientHandler - [id: 0x95934e51, L:/127.0.0.1:58738 - R:localhost/127.0.0.1:1991] INBOUND DATA: streamId=3 padding=0 endStream=false length=29 bytes=00000000180a0a0a06636c69656e7410630a0a0a067365727665721063
16:49:14.518 [grpc-default-worker-ELG-1-2] DEBUG io.grpc.netty.shaded.io.grpc.netty.NettyClientHandler - [id: 0x95934e51, L:/127.0.0.1:58738 - R:localhost/127.0.0.1:1991] OUTBOUND PING: ack=false bytes=1234
client : 99
server : 99
16:49:14.519 [grpc-default-worker-ELG-1-2] DEBUG io.grpc.netty.shaded.io.grpc.netty.NettyClientHandler - [id: 0x95934e51, L:/127.0.0.1:58738 - R:localhost/127.0.0.1:1991] INBOUND PING: ack=true bytes=1234
-------------------------------------------------------
16:49:15.520 [grpc-default-worker-ELG-1-2] DEBUG io.grpc.netty.shaded.io.grpc.netty.NettyClientHandler - [id: 0x95934e51, L:/127.0.0.1:58738 - R:localhost/127.0.0.1:1991] OUTBOUND DATA: streamId=3 padding=0 endStream=false length=7 bytes=00000000020804
16:49:15.522 [grpc-default-worker-ELG-1-2] DEBUG io.grpc.netty.shaded.io.grpc.netty.NettyClientHandler - [id: 0x95934e51, L:/127.0.0.1:58738 - R:localhost/127.0.0.1:1991] INBOUND PING: ack=false bytes=1234
16:49:15.522 [grpc-default-worker-ELG-1-2] DEBUG io.grpc.netty.shaded.io.grpc.netty.NettyClientHandler - [id: 0x95934e51, L:/127.0.0.1:58738 - R:localhost/127.0.0.1:1991] OUTBOUND PING: ack=true bytes=1234
16:49:15.523 [grpc-default-worker-ELG-1-2] DEBUG io.grpc.netty.shaded.io.grpc.netty.NettyClientHandler - [id: 0x95934e51, L:/127.0.0.1:58738 - R:localhost/127.0.0.1:1991] INBOUND DATA: streamId=3 padding=0 endStream=false length=29 bytes=00000000180a0a0a06636c69656e7410630a0a0a067365727665721064
16:49:15.524 [grpc-default-worker-ELG-1-2] DEBUG io.grpc.netty.shaded.io.grpc.netty.NettyClientHandler - [id: 0x95934e51, L:/127.0.0.1:58738 - R:localhost/127.0.0.1:1991] OUTBOUND PING: ack=false bytes=1234
client : 99
server : 100
Game Over!
16:49:15.525 [grpc-default-worker-ELG-1-2] DEBUG io.grpc.netty.shaded.io.grpc.netty.NettyClientHandler - [id: 0x95934e51, L:/127.0.0.1:58738 - R:localhost/127.0.0.1:1991] INBOUND PING: ack=true bytes=1234
-------------------------------------------------------
16:49:15.525 [grpc-default-worker-ELG-1-2] DEBUG io.grpc.netty.shaded.io.grpc.netty.NettyClientHandler - [id: 0x95934e51, L:/127.0.0.1:58738 - R:localhost/127.0.0.1:1991] OUTBOUND DATA: streamId=3 padding=0 endStream=true length=0 bytes=
16:49:15.527 [grpc-default-worker-ELG-1-2] DEBUG io.grpc.netty.shaded.io.grpc.netty.NettyClientHandler - [id: 0x95934e51, L:/127.0.0.1:58738 - R:localhost/127.0.0.1:1991] INBOUND PING: ack=false bytes=1234
16:49:15.527 [grpc-default-worker-ELG-1-2] DEBUG io.grpc.netty.shaded.io.grpc.netty.NettyClientHandler - [id: 0x95934e51, L:/127.0.0.1:58738 - R:localhost/127.0.0.1:1991] OUTBOUND PING: ack=true bytes=1234
16:49:15.528 [grpc-default-worker-ELG-1-2] DEBUG io.grpc.netty.shaded.io.grpc.netty.NettyClientHandler - [id: 0x95934e51, L:/127.0.0.1:58738 - R:localhost/127.0.0.1:1991] INBOUND HEADERS: streamId=3 headers=GrpcHttp2ResponseHeaders[grpc-status: 0] padding=0 endStream=true
]]></system-out>
  <system-err><![CDATA[]]></system-err>
</testsuite>
